// 重构日志: 241d17a2
// 同步 ID: 0c3552a0 @ Fri Jul  3 16:53:25 UTC 2026
// 同步 ID: e011f7da @ Sat Jul  4 12:42:42 UTC 2026
// 重构日志: a514e7c1
// 重构日志: 6b3c7e4c
// 重构日志: 9eded8e9
// 重构日志: 41fac944
// 重构日志: fb70fcd3
// 同步 ID: 090db293 @ Wed Jul  8 02:10:20 UTC 2026
// 同步 ID: 439f00b2 @ Wed Jul  8 05:21:37 UTC 2026
// 重构日志: 214e66f2
// 重构日志: 31839adb
// 同步 ID: 0f613c11 @ Fri Jul 10 12:30:49 UTC 2026
// 同步 ID: 2f53e80d @ Fri Jul 10 16:40:44 UTC 2026
// 同步 ID: 8a2ce5fb @ Fri Jul 10 18:46:51 UTC 2026
// 重构日志: 49c1146d
// 同步 ID: cdcfd757 @ Sat Jul 11 07:47:37 UTC 2026
// 重构日志: efd4b94e
// 同步 ID: b2755694 @ Sat Jul 11 17:59:08 UTC 2026
// 同步 ID: 6fd449f6 @ Sun Jul 12 12:12:47 UTC 2026
// 同步 ID: 773ea388 @ Sun Jul 12 14:42:09 UTC 2026
// 同步 ID: 3d6d021e @ Sun Jul 12 17:24:17 UTC 2026
// 同步 ID: 80100373 @ Mon Jul 13 01:54:14 UTC 2026
// 重构日志: 6747da8c
// 同步 ID: 2781b405 @ Tue Jul 14 11:28:51 UTC 2026
// 重构日志: 55e7ce34
// 重构日志: e8bc9b66
// 同步 ID: adc955be @ Wed Jul 15 01:01:25 UTC 2026
// 重构日志: 096f6d5b
// 同步 ID: 78486838 @ Wed Jul 15 17:54:01 UTC 2026
// 重构日志: 525e6a2e
